<?xml version="1.0" encoding="UTF-8" ?>
<testsuite errors="0" failures="0" hostname="meschmobile" name="evs2009.mapping.MappingTest" tests="11" time="0.462" timestamp="2009-09-24T19:57:39">
  <properties>
[...]
</properties>
  <testcase classname="evs2009.mapping.MappingTest" name="testLogin" time="0.015" />
  <testcase classname="evs2009.mapping.MappingTest" name="testLoginResponse" time="0.0070" />
  <testcase classname="evs2009.mapping.MappingTest" name="testLogout" time="0.0040" />
  <testcase classname="evs2009.mapping.MappingTest" name="testCheckReturn" time="0.0070" />
  <testcase classname="evs2009.mapping.MappingTest" name="testCreate" time="0.0090" />
  <testcase classname="evs2009.mapping.MappingTest" name="testCreateResponse" time="0.0030" />
  <testcase classname="evs2009.mapping.MappingTest" name="testUpdate" time="0.0080" />
  <testcase classname="evs2009.mapping.MappingTest" name="testDelete" time="0.0070" />
  <testcase classname="evs2009.mapping.MappingTest" name="testInfo" time="0.0030" />
  <testcase classname="evs2009.mapping.MappingTest" name="testInfoResponse" time="0.0030" />
  <testcase classname="evs2009.mapping.MappingTest" name="testTransferResponse" time="0.0040" />
  <system-out><![CDATA[<?xml version="1.0" encoding="UTF-8" standalone="yes"?><ns3:epp xmlns:ns2="urn:ietf:params:xml:ns:obj" xmlns:ns3="urn:ietf:params:xml:ns:epp-1.0"><command><login><clID>user</clID><pw>password</pw><options><version>1.0</version><lang>en</lang></options></login></command></ns3:epp>
<?xml version="1.0" encoding="UTF-8" standalone="yes"?><ns3:epp xmlns:ns2="urn:ietf:params:xml:ns:obj" xmlns:ns3="urn:ietf:params:xml:ns:epp-1.0"><response><result code="1000"><msg>completed</msg></result><trID><clTRID>ABC</clTRID><svTRID>123</svTRID></trID></response></ns3:epp>
<?xml version="1.0" encoding="UTF-8" standalone="yes"?><ns3:epp xmlns:ns2="urn:ietf:params:xml:ns:obj" xmlns:ns3="urn:ietf:params:xml:ns:epp-1.0"><command><logout></logout><clTRID>someId</clTRID></command></ns3:epp>
<?xml version="1.0" encoding="UTF-8" standalone="yes"?><ns3:epp xmlns:ns2="urn:ietf:params:xml:ns:obj" xmlns:ns3="urn:ietf:params:xml:ns:epp-1.0"><response><result code="1000"><msg>Message</msg></result><resData><ns2:chkData><cd><ns2:name avail="true">example1</ns2:name></cd></ns2:chkData></resData><trID><clTRID>ABC-123</clTRID><svTRID>123-ABC</svTRID></trID></response></ns3:epp>
<?xml version="1.0" encoding="UTF-8" standalone="yes"?><ns3:epp xmlns:ns2="urn:ietf:params:xml:ns:obj" xmlns:ns3="urn:ietf:params:xml:ns:epp-1.0"><command><create><ns2:create><ns2:name>someName</ns2:name><ns2:data>AQIDBw==</ns2:data></ns2:create></create><clTRID>ABC-12345</clTRID></command></ns3:epp>
<?xml version="1.0" encoding="UTF-8" standalone="yes"?><ns3:epp xmlns:ns2="urn:ietf:params:xml:ns:obj" xmlns:ns3="urn:ietf:params:xml:ns:epp-1.0"><response><result code="1000"><msg>Some Msg</msg></result><resData><ns2:creData><ns2:name>someName</ns2:name><ns2:data>AQIDBAU=</ns2:data></ns2:creData></resData><trID><clTRID>12345</clTRID><svTRID>54321</svTRID></trID></response></ns3:epp>
<?xml version="1.0" encoding="UTF-8" standalone="yes"?><ns3:epp xmlns:ns2="urn:ietf:params:xml:ns:obj" xmlns:ns3="urn:ietf:params:xml:ns:epp-1.0"><command><update><ns2:update><ns2:name>updateName</ns2:name><ns2:data>AQIDBAU=</ns2:data></ns2:update></update><clTRID>12345</clTRID></command></ns3:epp>
<?xml version="1.0" encoding="UTF-8" standalone="yes"?><ns3:epp xmlns:ns2="urn:ietf:params:xml:ns:obj" xmlns:ns3="urn:ietf:params:xml:ns:epp-1.0"><command><delete><ns2:delete><ns2:name>updateName</ns2:name><ns2:data>AQIDBAU=</ns2:data></ns2:delete></delete><clTRID>12345</clTRID></command></ns3:epp>
<?xml version="1.0" encoding="UTF-8" standalone="yes"?><ns3:epp xmlns:ns2="urn:ietf:params:xml:ns:obj" xmlns:ns3="urn:ietf:params:xml:ns:epp-1.0"><command><info><ns2:info><ns2:name>infoName</ns2:name><ns2:data>AQIDBAU=</ns2:data></ns2:info></info><clTRID>someId</clTRID></command></ns3:epp>
<?xml version="1.0" encoding="UTF-8" standalone="yes"?><ns3:epp xmlns:ns2="urn:ietf:params:xml:ns:obj" xmlns:ns3="urn:ietf:params:xml:ns:epp-1.0"><response><result code="1000"><msg>Some Message</msg></result><resData><ns2:infData><ns2:name>someName</ns2:name><ns2:data>AQIDBAU=</ns2:data><ns2:roid>12345-roid</ns2:roid></ns2:infData></resData><trID><clTRID>ABC-12345</clTRID><svTRID>12345-CAB</svTRID></trID></response></ns3:epp>
<?xml version="1.0" encoding="UTF-8" standalone="yes"?><ns3:epp xmlns:ns2="urn:ietf:params:xml:ns:obj" xmlns:ns3="urn:ietf:params:xml:ns:epp-1.0"><response><result code="1000"><msg>MEssage</msg></result><resData><ns2:trnData><ns2:name>name</ns2:name><ns2:trStatus>status</ns2:trStatus><ns2:reId>reId</ns2:reId><ns2:acId>acId</ns2:acId></ns2:trnData></resData><trID><clTRID>cl</clTRID><svTRID>svtr</svTRID></trID></response></ns3:epp>
]]></system-out>
  <system-err><![CDATA[]]></system-err>
</testsuite>
