<?xml version="1.0" encoding="UTF-8" ?>
<testsuite errors="0" failures="0" hostname="meschmobile" name="evs2009.ApplicationTest" tests="1" time="2.507" timestamp="2009-09-24T19:57:35">
  <properties>
[...]
</properties>
  <testcase classname="evs2009.ApplicationTest" name="generalTest" time="2.429" />
  <system-out><![CDATA[0    [main] INFO  comm.socket.SocketPluginClient  - SPC :: Configuring clientpeer plugin socket to host: localhost port: 12345
29   [main] INFO  comm.socket.SocketPluginClient  - SPC :: Configuring clientpeer plugin socket to host: localhost port: 12300
62   [pool-1-thread-1] DEBUG comm.socket.SocketPluginServer  - SRV :: Running listener on port 12345
74   [pool-1-thread-1] INFO  comm.socket.SocketPluginServer  - Server sends bytes:379
75   [main] INFO  comm.socket.SocketPluginClient  - Client receives bytes:379
75   [main] DEBUG comm.socket.SocketPluginClient  - Got bytes379
75   [main] DEBUG comm.socket.SocketPluginClient  - Read is 379
77   [pool-1-thread-1] DEBUG comm.socket.SocketPluginServer  - SRV :: Running listener on port 12345
80   [pool-1-thread-1] INFO  comm.socket.SocketPluginServer  - Server sends bytes:452
81   [main] INFO  comm.socket.SocketPluginClient  - Client receives bytes:452
81   [main] DEBUG comm.socket.SocketPluginClient  - Got bytes452
81   [main] DEBUG comm.socket.SocketPluginClient  - Read is 452
83   [pool-1-thread-1] DEBUG comm.socket.SocketPluginServer  - SRV :: Running listener on port 12345
87   [pool-1-thread-1] DEBUG evs2009.EppCommunication  - MetaData size:256
87   [pool-1-thread-1] INFO  comm.socket.SocketPluginServer  - Server sends bytes:838
92   [main] INFO  comm.socket.SocketPluginClient  - Client receives bytes:838
92   [main] DEBUG comm.socket.SocketPluginClient  - Got bytes838
92   [main] DEBUG comm.socket.SocketPluginClient  - Read is 838
97   [pool-1-thread-1] DEBUG comm.socket.SocketPluginServer  - SRV :: Running listener on port 12345
99   [pool-1-thread-1] INFO  comm.socket.SocketPluginServer  - Server sends bytes:510
100  [main] INFO  comm.socket.SocketPluginClient  - Client receives bytes:510
100  [main] DEBUG comm.socket.SocketPluginClient  - Got bytes510
100  [main] DEBUG comm.socket.SocketPluginClient  - Read is 510
103  [pool-1-thread-1] DEBUG comm.socket.SocketPluginServer  - SRV :: Running listener on port 12345
105  [pool-1-thread-1] INFO  comm.socket.SocketPluginServer  - Server sends bytes:375
106  [main] INFO  comm.socket.SocketPluginClient  - Client receives bytes:375
106  [main] DEBUG comm.socket.SocketPluginClient  - Got bytes375
106  [main] DEBUG comm.socket.SocketPluginClient  - Read is 375
109  [pool-1-thread-1] DEBUG comm.socket.SocketPluginServer  - SRV :: Running listener on port 12345
110  [pool-1-thread-1] INFO  comm.socket.SocketPluginServer  - Server sends bytes:506
111  [main] INFO  comm.socket.SocketPluginClient  - Client receives bytes:506
111  [main] DEBUG comm.socket.SocketPluginClient  - Got bytes506
111  [main] DEBUG comm.socket.SocketPluginClient  - Read is 506
114  [pool-1-thread-1] DEBUG comm.socket.SocketPluginServer  - SRV :: Running listener on port 12345
115  [pool-1-thread-1] DEBUG evs2009.EppCommunication  - MetaData size:256
116  [pool-1-thread-1] INFO  comm.socket.SocketPluginServer  - Server sends bytes:838
116  [main] INFO  comm.socket.SocketPluginClient  - Client receives bytes:838
116  [main] DEBUG comm.socket.SocketPluginClient  - Got bytes838
116  [main] DEBUG comm.socket.SocketPluginClient  - Read is 838
118  [pool-1-thread-1] DEBUG comm.socket.SocketPluginServer  - SRV :: Running listener on port 12345
140  [pool-1-thread-1] DEBUG evs2009.EppCommunication  - Delete in EPPCommunication called: TestData
141  [pool-1-thread-1] INFO  comm.socket.SocketPluginServer  - Server sends bytes:377
145  [main] INFO  comm.socket.SocketPluginClient  - Client receives bytes:377
145  [main] DEBUG comm.socket.SocketPluginClient  - Got bytes377
145  [main] DEBUG comm.socket.SocketPluginClient  - Read is 377
147  [pool-1-thread-1] DEBUG comm.socket.SocketPluginServer  - SRV :: Running listener on port 12345
149  [pool-1-thread-1] INFO  comm.socket.SocketPluginServer  - Server sends bytes:487
149  [main] INFO  comm.socket.SocketPluginClient  - Client receives bytes:487
149  [main] DEBUG comm.socket.SocketPluginClient  - Got bytes487
149  [main] DEBUG comm.socket.SocketPluginClient  - Read is 487
151  [pool-1-thread-1] DEBUG comm.socket.SocketPluginServer  - SRV :: Running listener on port 12345
153  [pool-1-thread-1] INFO  comm.socket.SocketPluginServer  - Server sends bytes:456
153  [main] INFO  comm.socket.SocketPluginClient  - Client receives bytes:456
153  [main] DEBUG comm.socket.SocketPluginClient  - Got bytes456
153  [main] DEBUG comm.socket.SocketPluginClient  - Read is 456
155  [pool-1-thread-1] DEBUG comm.socket.SocketPluginServer  - SRV :: Running listener on port 12345
158  [Thread-1] INFO  comm.socket.SocketPluginClient  - SPC :: Configuring clientpeer plugin socket to host: localhost port: 12300
158  [pool-1-thread-1] INFO  comm.socket.SocketPluginServer  - Server sends bytes:547
163  [main] INFO  comm.socket.SocketPluginClient  - Client receives bytes:547
163  [main] DEBUG comm.socket.SocketPluginClient  - Got bytes547
163  [main] DEBUG comm.socket.SocketPluginClient  - Read is 547
175  [pool-2-thread-1] DEBUG comm.socket.SocketPluginServer  - SRV :: Running listener on port 12300
177  [pool-2-thread-1] INFO  comm.socket.SocketPluginServer  - Server sends bytes:379
177  [Thread-1] INFO  comm.socket.SocketPluginClient  - Client receives bytes:379
177  [Thread-1] DEBUG comm.socket.SocketPluginClient  - Got bytes379
177  [Thread-1] DEBUG comm.socket.SocketPluginClient  - Read is 379
182  [pool-2-thread-1] DEBUG comm.socket.SocketPluginServer  - SRV :: Running listener on port 12300
184  [pool-2-thread-1] DEBUG comm.socket.SocketPluginClient  - CREATE A NEW INSTANCE OF TransferFile ON testsocket2
185  [pool-2-thread-1] INFO  comm.socket.SocketPluginServer  - Server sends bytes:383
185  [Thread-1] INFO  comm.socket.SocketPluginClient  - Client receives bytes:383
185  [Thread-1] DEBUG comm.socket.SocketPluginClient  - Got bytes383
185  [Thread-1] DEBUG comm.socket.SocketPluginClient  - Read is 383
192  [pool-2-thread-1] DEBUG comm.socket.SocketPluginServer  - SRV :: Running listener on port 12300
194  [pool-2-thread-1] INFO  comm.socket.SocketPluginServer  - Server sends bytes:383
194  [Thread-1] INFO  comm.socket.SocketPluginClient  - Client receives bytes:383
194  [Thread-1] DEBUG comm.socket.SocketPluginClient  - Got bytes383
194  [Thread-1] DEBUG comm.socket.SocketPluginClient  - Read is 383
2166 [pool-2-thread-1] DEBUG comm.socket.SocketPluginServer  - SRV :: Running listener on port 12300
2172 [pool-2-thread-1] INFO  comm.socket.SocketPluginServer  - Server sends bytes:379
2172 [main] INFO  comm.socket.SocketPluginClient  - Client receives bytes:379
2173 [main] DEBUG comm.socket.SocketPluginClient  - Got bytes379
2173 [main] DEBUG comm.socket.SocketPluginClient  - Read is 379
2178 [pool-2-thread-1] DEBUG comm.socket.SocketPluginServer  - SRV :: Running listener on port 12300
2185 [pool-2-thread-1] INFO  comm.socket.SocketPluginServer  - Server sends bytes:518
2185 [main] INFO  comm.socket.SocketPluginClient  - Client receives bytes:518
2185 [main] DEBUG comm.socket.SocketPluginClient  - Got bytes518
2185 [main] DEBUG comm.socket.SocketPluginClient  - Read is 518
2193 [pool-1-thread-1] DEBUG comm.socket.SocketPluginServer  - SRV :: Running listener on port 12345
2198 [pool-1-thread-1] INFO  comm.socket.SocketPluginServer  - Server sends bytes:383
2199 [main] INFO  comm.socket.SocketPluginClient  - Client receives bytes:383
2199 [main] DEBUG comm.socket.SocketPluginClient  - Got bytes383
2199 [main] DEBUG comm.socket.SocketPluginClient  - Read is 383
2204 [pool-2-thread-1] DEBUG comm.socket.SocketPluginServer  - SRV :: Running listener on port 12300
2209 [pool-2-thread-1] INFO  comm.socket.SocketPluginServer  - Server sends bytes:383
2209 [main] INFO  comm.socket.SocketPluginClient  - Client receives bytes:383
2209 [main] DEBUG comm.socket.SocketPluginClient  - Got bytes383
2210 [main] DEBUG comm.socket.SocketPluginClient  - Read is 383
]]></system-out>
  <system-err><![CDATA[]]></system-err>
</testsuite>
